core.init: Checking for fconfig files in pwd and ./rosetta/flags 
core.init: Rosetta version: rosetta.binary.mac.release-247 r247 2020.08+release.cb1cabafd74 cb1cabafd7463ab703f6abf5efa33d2707b85924 https://www.rosettacommons.org 2020-02-22T06:57:31.821199
core.init: command: score_jd2.static.macosclangrelease -in:file:s 1qys.pdb -out:pdb
basic.random.init_random_generator: 'RNG device' seed mode, using '/dev/urandom', seed=19881318 seed_offset=0 real_seed=19881318
basic.random.init_random_generator: RandomGenerator:init: Normal mode, seed=19881318 RG_type=mt19937
core.init: Resolved executable path: /Users/mattfeng/rosetta/main/source/bin/score_jd2.static.macosclangrelease
core.init: Looking for database based on location of executable: /Users/mattfeng/rosetta/main/database/
core.scoring.ScoreFunctionFactory: SCOREFUNCTION: ref2015
core.scoring.etable: Starting energy table calculation
core.scoring.etable: smooth_etable: changing atr/rep split to bottom of energy well
core.scoring.etable: smooth_etable: spline smoothing lj etables (maxdis = 6)
core.scoring.etable: smooth_etable: spline smoothing solvation etables (max_dis = 6)
core.scoring.etable: Finished calculating energy tables.
basic.io.database: Database file opened: scoring/score_functions/hbonds/ref2015_params/HBPoly1D.csv
basic.io.database: Database file opened: scoring/score_functions/hbonds/ref2015_params/HBFadeIntervals.csv
basic.io.database: Database file opened: scoring/score_functions/hbonds/ref2015_params/HBEval.csv
basic.io.database: Database file opened: scoring/score_functions/hbonds/ref2015_params/DonStrength.csv
basic.io.database: Database file opened: scoring/score_functions/hbonds/ref2015_params/AccStrength.csv
core.chemical.GlobalResidueTypeSet: Finished initializing fa_standard residue type set.  Created 980 residue types
core.chemical.GlobalResidueTypeSet: Total time to initialize 0.6829 seconds.
basic.io.database: Database file opened: scoring/score_functions/rama/fd/all.ramaProb
basic.io.database: Database file opened: scoring/score_functions/rama/fd/prepro.ramaProb
basic.io.database: Database file opened: scoring/score_functions/omega/omega_ppdep.all.txt
basic.io.database: Database file opened: scoring/score_functions/omega/omega_ppdep.gly.txt
basic.io.database: Database file opened: scoring/score_functions/omega/omega_ppdep.pro.txt
basic.io.database: Database file opened: scoring/score_functions/omega/omega_ppdep.valile.txt
basic.io.database: Database file opened: scoring/score_functions/P_AA_pp/P_AA
basic.io.database: Database file opened: scoring/score_functions/P_AA_pp/P_AA_n
core.scoring.P_AA: shapovalov_lib::shap_p_aa_pp_smooth_level of 1( aka low_smooth ) got activated.
basic.io.database: Database file opened: scoring/score_functions/P_AA_pp/shapovalov/10deg/kappa131/a20.prop
protocols.evaluation.ChiWellRmsdEvaluatorCreator: Evaluation Creator active ... 
protocols.jd2.PDBJobInputter: Instantiate PDBJobInputter
protocols.jd2.PDBJobInputter: PDBJobInputter::fill_jobs
protocols.jd2.PDBJobInputter: pushed 1qys.pdb nstruct index 1
protocols.evaluation.ChiWellRmsdEvaluatorCreator: Evaluation Creator active ... 
protocols.evaluation.ChiWellRmsdEvaluatorCreator: Evaluation Creator active ... 
protocols.jd2.PDBJobInputter: PDBJobInputter::pose_from_job
protocols.jd2.PDBJobInputter: filling pose from PDB 1qys.pdb
core.import_pose.import_pose: File '1qys.pdb' automatically determined to be of type PDB
core.chemical.GlobalResidueTypeSet: Loading (but possibly not actually using) 'MSE' from the PDB components dictionary for residue type 'pdb_MSE'
core.io.pose_from_sfr.PoseFromSFRBuilder: Reading MSE as MET!
core.io.pose_from_sfr.PoseFromSFRBuilder: Reading MSE as MET!
core.io.pose_from_sfr.PoseFromSFRBuilder: Reading MSE as MET!
core.io.pose_from_sfr.PoseFromSFRBuilder: Reading MSE as MET!
core.io.pose_from_sfr.PoseFromSFRBuilder: Reading MSE as MET!
core.io.pose_from_sfr.PoseFromSFRBuilder: Reading MSE as MET!
core.io.pose_from_sfr.PoseFromSFRBuilder: Reading MSE as MET!
core.io.pose_from_sfr.PoseFromSFRBuilder: Reading Selenium SE from MSE as SD from MET
core.io.pose_from_sfr.PoseFromSFRBuilder: Reading MSE as MET!
core.conformation.Conformation: [ WARNING ] missing heavyatom:  CG  on residue LYS 13
core.conformation.Conformation: [ WARNING ] missing heavyatom:  CD  on residue LYS 13
core.conformation.Conformation: [ WARNING ] missing heavyatom:  CE  on residue LYS 13
core.conformation.Conformation: [ WARNING ] missing heavyatom:  NZ  on residue LYS 13
core.conformation.Conformation: [ WARNING ] missing heavyatom:  CG  on residue PHE 15
core.conformation.Conformation: [ WARNING ] missing heavyatom:  CD1 on residue PHE 15
core.conformation.Conformation: [ WARNING ] missing heavyatom:  CD2 on residue PHE 15
core.conformation.Conformation: [ WARNING ] missing heavyatom:  CE1 on residue PHE 15
core.conformation.Conformation: [ WARNING ] missing heavyatom:  CE2 on residue PHE 15
core.conformation.Conformation: [ WARNING ] missing heavyatom:  CZ  on residue PHE 15
core.conformation.Conformation: [ WARNING ] missing heavyatom:  OG  on residue SER 25
core.conformation.Conformation: [ WARNING ] missing heavyatom:  CG  on residue GLN 28
core.conformation.Conformation: [ WARNING ] missing heavyatom:  CD  on residue GLN 28
core.conformation.Conformation: [ WARNING ] missing heavyatom:  OE1 on residue GLN 28
core.conformation.Conformation: [ WARNING ] missing heavyatom:  NE2 on residue GLN 28
core.conformation.Conformation: [ WARNING ] missing heavyatom:  CG  on residue LYS 29
core.conformation.Conformation: [ WARNING ] missing heavyatom:  CD  on residue LYS 29
core.conformation.Conformation: [ WARNING ] missing heavyatom:  CE  on residue LYS 29
core.conformation.Conformation: [ WARNING ] missing heavyatom:  NZ  on residue LYS 29
core.conformation.Conformation: [ WARNING ] missing heavyatom:  CG  on residue ASN 32
core.conformation.Conformation: [ WARNING ] missing heavyatom:  OD1 on residue ASN 32
core.conformation.Conformation: [ WARNING ] missing heavyatom:  ND2 on residue ASN 32
core.conformation.Conformation: [ WARNING ] missing heavyatom:  CG  on residue LEU 34
core.conformation.Conformation: [ WARNING ] missing heavyatom:  CD1 on residue LEU 34
core.conformation.Conformation: [ WARNING ] missing heavyatom:  CD2 on residue LEU 34
core.conformation.Conformation: [ WARNING ] missing heavyatom:  CG  on residue LYS 44
core.conformation.Conformation: [ WARNING ] missing heavyatom:  CD  on residue LYS 44
core.conformation.Conformation: [ WARNING ] missing heavyatom:  CE  on residue LYS 44
core.conformation.Conformation: [ WARNING ] missing heavyatom:  NZ  on residue LYS 44
core.conformation.Conformation: [ WARNING ] missing heavyatom:  CG  on residue ARG 45
core.conformation.Conformation: [ WARNING ] missing heavyatom:  CD  on residue ARG 45
core.conformation.Conformation: [ WARNING ] missing heavyatom:  NE  on residue ARG 45
core.conformation.Conformation: [ WARNING ] missing heavyatom:  CZ  on residue ARG 45
core.conformation.Conformation: [ WARNING ] missing heavyatom:  NH1 on residue ARG 45
core.conformation.Conformation: [ WARNING ] missing heavyatom:  NH2 on residue ARG 45
core.conformation.Conformation: [ WARNING ] missing heavyatom:  CG  on residue ARG 53
core.conformation.Conformation: [ WARNING ] missing heavyatom:  CD  on residue ARG 53
core.conformation.Conformation: [ WARNING ] missing heavyatom:  NE  on residue ARG 53
core.conformation.Conformation: [ WARNING ] missing heavyatom:  CZ  on residue ARG 53
core.conformation.Conformation: [ WARNING ] missing heavyatom:  NH1 on residue ARG 53
core.conformation.Conformation: [ WARNING ] missing heavyatom:  NH2 on residue ARG 53
core.conformation.Conformation: [ WARNING ] missing heavyatom:  CG  on residue LYS 60
core.conformation.Conformation: [ WARNING ] missing heavyatom:  CD  on residue LYS 60
core.conformation.Conformation: [ WARNING ] missing heavyatom:  CE  on residue LYS 60
core.conformation.Conformation: [ WARNING ] missing heavyatom:  NZ  on residue LYS 60
core.conformation.Conformation: [ WARNING ] missing heavyatom:  CG  on residue GLU 71
core.conformation.Conformation: [ WARNING ] missing heavyatom:  CD  on residue GLU 71
core.conformation.Conformation: [ WARNING ] missing heavyatom:  OE1 on residue GLU 71
core.conformation.Conformation: [ WARNING ] missing heavyatom:  OE2 on residue GLU 71
core.conformation.Conformation: [ WARNING ] missing heavyatom:  OXT on residue LEU:CtermProteinFull 92
core.pack.pack_missing_sidechains: packing residue number 13 because of missing atom number 6 atom name  CG 
core.pack.pack_missing_sidechains: packing residue number 15 because of missing atom number 6 atom name  CG 
core.pack.pack_missing_sidechains: packing residue number 25 because of missing atom number 6 atom name  OG 
core.pack.pack_missing_sidechains: packing residue number 28 because of missing atom number 6 atom name  CG 
core.pack.pack_missing_sidechains: packing residue number 29 because of missing atom number 6 atom name  CG 
core.pack.pack_missing_sidechains: packing residue number 32 because of missing atom number 6 atom name  CG 
core.pack.pack_missing_sidechains: packing residue number 34 because of missing atom number 6 atom name  CG 
core.pack.pack_missing_sidechains: packing residue number 44 because of missing atom number 6 atom name  CG 
core.pack.pack_missing_sidechains: packing residue number 45 because of missing atom number 6 atom name  CG 
core.pack.pack_missing_sidechains: packing residue number 53 because of missing atom number 6 atom name  CG 
core.pack.pack_missing_sidechains: packing residue number 60 because of missing atom number 6 atom name  CG 
core.pack.pack_missing_sidechains: packing residue number 71 because of missing atom number 6 atom name  CG 
core.pack.task: Packer task: initialize from command line() 
core.scoring.ScoreFunctionFactory: SCOREFUNCTION: ref2015
basic.io.database: Database file opened: scoring/score_functions/elec_cp_reps.dat
core.scoring.elec.util: Read 40 countpair representative atoms
core.pack.dunbrack.RotamerLibrary: shapovalov_lib_fixes_enable option is true.
core.pack.dunbrack.RotamerLibrary: shapovalov_lib::shap_dun10_smooth_level of 1( aka lowest_smooth ) got activated.
core.pack.dunbrack.RotamerLibrary: Binary rotamer library selected: /Users/mattfeng/rosetta/main/database/rotamer/shapovalov/StpDwn_0-0-0/Dunbrack10.lib.bin
core.pack.dunbrack.RotamerLibrary: Using Dunbrack library binary file '/Users/mattfeng/rosetta/main/database/rotamer/shapovalov/StpDwn_0-0-0/Dunbrack10.lib.bin'.
core.pack.dunbrack.RotamerLibrary: Dunbrack 2010 library took 0.128061 seconds to load from binary
core.pack.pack_rotamers: built 183 rotamers at 12 positions.
core.pack.interaction_graph.interaction_graph_factory: Instantiating DensePDInteractionGraph
protocols.jd2.JobDistributor: 1qys_0001 reported success in 1 seconds
protocols.jd2.JobDistributor: no more batches to process... 
protocols.jd2.JobDistributor: 1 jobs considered, 1 jobs attempted in 1 seconds
